<?xml version="1.0" encoding="UTF-8"?>
<testsuite name="system_tests.TestSystem-20240229023717" tests="4" file="system_tests.py" time="0.016" timestamp="2024-02-29T02:37:18" failures="0" errors="4" skipped="0">
	<testcase classname="system_tests.TestSystem" name="test_login_invalid_credentials" time="0.000" timestamp="2024-02-29T02:37:18">
		<error type="AttributeError" message="'sqlite3.Cursor' object attribute 'fetchone' is read-only"><![CDATA[Traceback (most recent call last):
  File "C:\Users\Khuu Bach Thy\AppData\Local\Programs\Python\Python312\Lib\unittest\case.py", line 58, in testPartExecutor
    yield
  File "C:\Users\Khuu Bach Thy\AppData\Local\Programs\Python\Python312\Lib\unittest\case.py", line 634, in run
    self._callTestMethod(testMethod)
    ^^^^^^^^^^^^^^^^^
  File "C:\Users\Khuu Bach Thy\AppData\Local\Programs\Python\Python312\Lib\unittest\case.py", line 589, in _callTestMethod
    if method() is not None:
    ^^^^^^^^^^^^^^^^^
  File "d:\downloads\software_engineering\src\unittest\python\system_tests.py", line 25, in test_login_invalid_credentials
    self.system.cursor.fetchone = MagicMock(return_value=None)
    ^^^^^^^^^^^^^^^^^
AttributeError: 'sqlite3.Cursor' object attribute 'fetchone' is read-only
]]></error>
	</testcase>
	<testcase classname="system_tests.TestSystem" name="test_login_valid_credentials_admin" time="0.016" timestamp="2024-02-29T02:37:18">
		<error type="AttributeError" message="'sqlite3.Cursor' object attribute 'fetchone' is read-only"><![CDATA[Traceback (most recent call last):
  File "C:\Users\Khuu Bach Thy\AppData\Local\Programs\Python\Python312\Lib\unittest\case.py", line 58, in testPartExecutor
    yield
  File "C:\Users\Khuu Bach Thy\AppData\Local\Programs\Python\Python312\Lib\unittest\case.py", line 634, in run
    self._callTestMethod(testMethod)
    ^^^^^^^^^^^^^^^^^
  File "C:\Users\Khuu Bach Thy\AppData\Local\Programs\Python\Python312\Lib\unittest\case.py", line 589, in _callTestMethod
    if method() is not None:
    ^^^^^^^^^^^^^^^^^
  File "d:\downloads\software_engineering\src\unittest\python\system_tests.py", line 18, in test_login_valid_credentials_admin
    self.system.cursor.fetchone = MagicMock(return_value=('Admin', 'admin@admin.com', 'admin', 'admin'))
    ^^^^^^^^^^^^^^^^^
AttributeError: 'sqlite3.Cursor' object attribute 'fetchone' is read-only
]]></error>
	</testcase>
	<testcase classname="system_tests.TestSystem" name="test_login_valid_credentials_customer" time="0.000" timestamp="2024-02-29T02:37:18">
		<error type="AttributeError" message="'sqlite3.Cursor' object attribute 'fetchone' is read-only"><![CDATA[Traceback (most recent call last):
  File "C:\Users\Khuu Bach Thy\AppData\Local\Programs\Python\Python312\Lib\unittest\case.py", line 58, in testPartExecutor
    yield
  File "C:\Users\Khuu Bach Thy\AppData\Local\Programs\Python\Python312\Lib\unittest\case.py", line 634, in run
    self._callTestMethod(testMethod)
    ^^^^^^^^^^^^^^^^^
  File "C:\Users\Khuu Bach Thy\AppData\Local\Programs\Python\Python312\Lib\unittest\case.py", line 589, in _callTestMethod
    if method() is not None:
    ^^^^^^^^^^^^^^^^^
  File "d:\downloads\software_engineering\src\unittest\python\system_tests.py", line 11, in test_login_valid_credentials_customer
    self.system.cursor.fetchone = MagicMock(return_value=('JohnDoe', 'john@example.com', 'password123', 'customer'))
    ^^^^^^^^^^^^^^^^^
AttributeError: 'sqlite3.Cursor' object attribute 'fetchone' is read-only
]]></error>
	</testcase>
	<testcase classname="system_tests.TestSystem" name="test_register_customer" time="0.000" timestamp="2024-02-29T02:37:18">
		<error type="AttributeError" message="'sqlite3.Cursor' object attribute 'execute' is read-only"><![CDATA[Traceback (most recent call last):
  File "C:\Users\Khuu Bach Thy\AppData\Local\Programs\Python\Python312\Lib\unittest\case.py", line 58, in testPartExecutor
    yield
  File "C:\Users\Khuu Bach Thy\AppData\Local\Programs\Python\Python312\Lib\unittest\case.py", line 634, in run
    self._callTestMethod(testMethod)
    ^^^^^^^^^^^^^^^^^
  File "C:\Users\Khuu Bach Thy\AppData\Local\Programs\Python\Python312\Lib\unittest\case.py", line 589, in _callTestMethod
    if method() is not None:
    ^^^^^^^^^^^^^^^^^
  File "d:\downloads\software_engineering\src\unittest\python\system_tests.py", line 32, in test_register_customer
    self.system.cursor.execute = MagicMock()
    ^^^^^^^^^^^^^^^^^
AttributeError: 'sqlite3.Cursor' object attribute 'execute' is read-only
]]></error>
	</testcase>
</testsuite>
